
> mpdo-archive-frontend@1.0.0 dev
> vite --host 127.0.0.1 --port 5173

Port 5173 is in use, trying another one...

  [32m[1mVITE[22m v6.4.1[39m  [2mready in [0m[1m1763[22m[2m[0m ms[22m

  [32m➜[39m  [1mLocal[22m:   [36mhttp://127.0.0.1:[1m5174[22m/[39m
[2m8:04:11 PM[22m [36m[1m[vite][22m[39m [90m[2m(client)[22m[39m [32mhmr update [39m[2m/@fs/C:\Users\Sudo\Documents\brgyMPDO\frontend\src\pages\Dashboard.jsx, /src/styles/index.css[22m
[2m8:15:53 PM[22m [36m[1m[vite][22m[39m [90m[2m(client)[22m[39m [32mhmr update [39m[2m/src/styles/index.css, /@fs/C:\Users\Sudo\Documents\brgyMPDO\frontend\src\pages\UploadDocument.jsx, /@fs/C:\Users\Sudo\Documents\brgyMPDO\frontend\src\pages\Documents.jsx[22m
[2m8:15:53 PM[22m [36m[1m[vite][22m[39m [90m[2m(client)[22m[39m [32mhmr update [39m[2m/src/styles/index.css, /@fs/C:\Users\Sudo\Documents\brgyMPDO\frontend\src\pages\UploadDocument.jsx, /@fs/C:\Users\Sudo\Documents\brgyMPDO\frontend\src\pages\Documents.jsx[22m
[2m8:22:22 PM[22m [36m[1m[vite][22m[39m [90m[2m(client)[22m[39m [32mhmr update [39m[2m/src/routes/AppRoutes.jsx, /src/styles/index.css[22m
[2m8:23:22 PM[22m [36m[1m[vite][22m[39m [90m[2m(client)[22m[39m [32mhmr update [39m[2m/src/routes/AppRoutes.jsx, /src/styles/index.css[22m
[2m8:24:18 PM[22m [36m[1m[vite][22m[39m [90m[2m(client)[22m[39m [32mhmr update [39m[2m/@fs/C:\Users\Sudo\Documents\brgyMPDO\frontend\src\components\layout\Sidebar.jsx, /src/styles/index.css[22m
[2m8:25:03 PM[22m [36m[1m[vite][22m[39m [90m[2m(client)[22m[39m [32mhmr update [39m[2m/@fs/C:\Users\Sudo\Documents\brgyMPDO\frontend\src\components\layout\Sidebar.jsx, /src/styles/index.css[22m
[2m8:25:45 PM[22m [36m[1m[vite][22m[39m [90m[2m(client)[22m[39m [32mhmr update [39m[2m/@fs/C:\Users\Sudo\Documents\brgyMPDO\frontend\src\components\layout\Navbar.jsx, /src/styles/index.css[22m
[2m8:37:18 PM[22m [36m[1m[vite][22m[39m [90m[2m(client)[22m[39m [32mhmr update [39m[2m/@fs/C:\Users\Sudo\Documents\brgyMPDO\frontend\src\layouts\DashboardLayout.jsx, /src/styles/index.css[22m
[2m8:43:57 PM[22m [36m[1m[vite][22m[39m [90m[2m(client)[22m[39m [32mhmr update [39m[2m/@fs/C:\Users\Sudo\Documents\brgyMPDO\frontend\src\components\layout\Sidebar.jsx, /src/styles/index.css[22m
[2m8:45:48 PM[22m [36m[1m[vite][22m[39m [90m[2m(client)[22m[39m [32mhmr update [39m[2m/@fs/C:\Users\Sudo\Documents\brgyMPDO\frontend\src\components\layout\Sidebar.jsx, /src/styles/index.css[22m
[2m8:46:41 PM[22m [36m[1m[vite][22m[39m [90m[2m(client)[22m[39m [32mhmr update [39m[2m/@fs/C:\Users\Sudo\Documents\brgyMPDO\frontend\src\components\layout\Navbar.jsx, /src/styles/index.css[22m
[2m8:52:34 PM[22m [36m[1m[vite][22m[39m [90m[2m(client)[22m[39m [32mhmr update [39m[2m/@fs/C:\Users\Sudo\Documents\brgyMPDO\frontend\src\pages\Barangays.jsx, /src/styles/index.css[22m
[2m8:53:11 PM[22m [36m[1m[vite][22m[39m [90m[2m(client)[22m[39m [32mhmr update [39m[2m/@fs/C:\Users\Sudo\Documents\brgyMPDO\frontend\src\pages\Categories.jsx, /src/styles/index.css[22m
[2m8:53:37 PM[22m [36m[1m[vite][22m[39m [90m[2m(client)[22m[39m [32mhmr update [39m[2m/@fs/C:\Users\Sudo\Documents\brgyMPDO\frontend\src\pages\Categories.jsx, /src/styles/index.css[22m
[2m8:54:47 PM[22m [36m[1m[vite][22m[39m [90m[2m(client)[22m[39m [32mhmr update [39m[2m/@fs/C:\Users\Sudo\Documents\brgyMPDO\frontend\src\pages\Categories.jsx, /src/styles/index.css[22m
[2m8:55:44 PM[22m [36m[1m[vite][22m[39m [90m[2m(client)[22m[39m [32mhmr update [39m[2m/@fs/C:\Users\Sudo\Documents\brgyMPDO\frontend\src\pages\Categories.jsx, /src/styles/index.css[22m
[2m8:56:02 PM[22m [36m[1m[vite][22m[39m [90m[2m(client)[22m[39m [32mhmr update [39m[2m/@fs/C:\Users\Sudo\Documents\brgyMPDO\frontend\src\pages\Users.jsx, /src/styles/index.css[22m
[2m8:56:14 PM[22m [36m[1m[vite][22m[39m [90m[2m(client)[22m[39m [32mhmr update [39m[2m/@fs/C:\Users\Sudo\Documents\brgyMPDO\frontend\src\pages\Users.jsx, /src/styles/index.css[22m
[2m8:57:11 PM[22m [36m[1m[vite][22m[39m [90m[2m(client)[22m[39m [32mhmr update [39m[2m/@fs/C:\Users\Sudo\Documents\brgyMPDO\frontend\src\pages\Users.jsx, /src/styles/index.css[22m
[2m8:57:51 PM[22m [36m[1m[vite][22m[39m [90m[2m(client)[22m[39m [32mhmr update [39m[2m/@fs/C:\Users\Sudo\Documents\brgyMPDO\frontend\src\pages\Users.jsx, /src/styles/index.css[22m
[2m8:58:31 PM[22m [36m[1m[vite][22m[39m [90m[2m(client)[22m[39m [32mhmr update [39m[2m/@fs/C:\Users\Sudo\Documents\brgyMPDO\frontend\src\pages\Documents.jsx, /src/styles/index.css[22m
[2m8:59:18 PM[22m [36m[1m[vite][22m[39m [90m[2m(client)[22m[39m [32mhmr update [39m[2m/@fs/C:\Users\Sudo\Documents\brgyMPDO\frontend\src\pages\ActivityLogs.jsx, /src/styles/index.css[22m
[2m9:07:23 PM[22m [36m[1m[vite][22m[39m [90m[2m(client)[22m[39m [32mhmr update [39m[2m/@fs/C:\Users\Sudo\Documents\brgyMPDO\frontend\src\pages\ActivityLogs.jsx, /src/styles/index.css[22m
[2m9:08:04 PM[22m [36m[1m[vite][22m[39m [90m[2m(client)[22m[39m [32mhmr update [39m[2m/@fs/C:\Users\Sudo\Documents\brgyMPDO\frontend\src\pages\ActivityLogs.jsx, /src/styles/index.css[22m
[2m9:10:00 PM[22m [36m[1m[vite][22m[39m [90m[2m(client)[22m[39m [32mhmr update [39m[2m/@fs/C:\Users\Sudo\Documents\brgyMPDO\frontend\src\pages\ActivityLogs.jsx, /src/styles/index.css[22m
[2m8:01:44 AM[22m [36m[1m[vite][22m[39m [90m[2m(client)[22m[39m [32mhmr update [39m[2m/@fs/C:\Users\Sudo\Documents\brgyMPDO\frontend\src\pages\Documents.jsx, /src/styles/index.css[22m
[2m8:05:02 AM[22m [36m[1m[vite][22m[39m [90m[2m(client)[22m[39m [32mhmr update [39m[2m/@fs/C:\Users\Sudo\Documents\brgyMPDO\frontend\src\pages\Documents.jsx, /src/styles/index.css[22m
[2m8:05:13 AM[22m [36m[1m[vite][22m[39m [90m[2m(client)[22m[39m [32mhmr update [39m[2m/@fs/C:\Users\Sudo\Documents\brgyMPDO\frontend\src\pages\Documents.jsx, /src/styles/index.css[22m
[2m8:06:06 AM[22m [36m[1m[vite][22m[39m [90m[2m(client)[22m[39m [32mhmr update [39m[2m/@fs/C:\Users\Sudo\Documents\brgyMPDO\frontend\src\pages\Documents.jsx, /src/styles/index.css[22m
[2m8:06:36 AM[22m [36m[1m[vite][22m[39m [90m[2m(client)[22m[39m [32mhmr update [39m[2m/@fs/C:\Users\Sudo\Documents\brgyMPDO\frontend\src\pages\Documents.jsx, /src/styles/index.css[22m
